running egg_info
writing ../../build/etruck/subscriber.egg-info/PKG-INFO
writing dependency_links to ../../build/etruck/subscriber.egg-info/dependency_links.txt
writing entry points to ../../build/etruck/subscriber.egg-info/entry_points.txt
writing requirements to ../../build/etruck/subscriber.egg-info/requires.txt
writing top-level names to ../../build/etruck/subscriber.egg-info/top_level.txt
reading manifest file '../../build/etruck/subscriber.egg-info/SOURCES.txt'
writing manifest file '../../build/etruck/subscriber.egg-info/SOURCES.txt'
running build
running build_py
copying subscriber/subscriber.py -> /home/etruck/etruck/ws/build/etruck/build/lib/subscriber
running install
running install_lib
copying /home/etruck/etruck/ws/build/etruck/build/lib/subscriber/subscriber.py -> /home/etruck/etruck/ws/install/etruck/lib/python3.10/site-packages/subscriber
byte-compiling /home/etruck/etruck/ws/install/etruck/lib/python3.10/site-packages/subscriber/subscriber.py to subscriber.cpython-310.pyc
running install_data
running install_egg_info
removing '/home/etruck/etruck/ws/install/etruck/lib/python3.10/site-packages/subscriber-0.0.0-py3.10.egg-info' (and everything under it)
Copying ../../build/etruck/subscriber.egg-info to /home/etruck/etruck/ws/install/etruck/lib/python3.10/site-packages/subscriber-0.0.0-py3.10.egg-info
running install_scripts
Installing subscriber script to /home/etruck/etruck/ws/install/etruck/lib/subscriber
writing list of installed files to '/home/etruck/etruck/ws/build/etruck/install.log'
