[5.666s] Invoking command in '/home/etruck/etruck/ws/src/subscriber': PYTHONPATH=/home/etruck/etruck/ws/build/etruck/prefix_override:/usr/lib/python3/dist-packages/colcon_core/task/python/colcon_distutils_commands:/home/etruck/etruck/ws/install/etruck/lib/python3.10/site-packages:${PYTHONPATH} /usr/bin/python3 -W ignore:setup.py install is deprecated -W ignore:easy_install command is deprecated setup.py egg_info --egg-base ../../build/etruck build --build-base /home/etruck/etruck/ws/build/etruck/build install --record /home/etruck/etruck/ws/build/etruck/install.log --single-version-externally-managed install_data
[7.240s] running egg_info
[7.244s] writing ../../build/etruck/subscriber.egg-info/PKG-INFO
[7.293s] writing dependency_links to ../../build/etruck/subscriber.egg-info/dependency_links.txt
[7.294s] writing entry points to ../../build/etruck/subscriber.egg-info/entry_points.txt
[7.295s] writing requirements to ../../build/etruck/subscriber.egg-info/requires.txt
[7.296s] writing top-level names to ../../build/etruck/subscriber.egg-info/top_level.txt
[7.308s] reading manifest file '../../build/etruck/subscriber.egg-info/SOURCES.txt'
[7.351s] writing manifest file '../../build/etruck/subscriber.egg-info/SOURCES.txt'
[7.364s] running build
[7.365s] running build_py
[7.574s] copying subscriber/subscriber.py -> /home/etruck/etruck/ws/build/etruck/build/lib/subscriber
[7.575s] running install
[7.577s] running install_lib
[7.582s] copying /home/etruck/etruck/ws/build/etruck/build/lib/subscriber/subscriber.py -> /home/etruck/etruck/ws/install/etruck/lib/python3.10/site-packages/subscriber
[7.586s] byte-compiling /home/etruck/etruck/ws/install/etruck/lib/python3.10/site-packages/subscriber/subscriber.py to subscriber.cpython-310.pyc
[7.589s] running install_data
[7.824s] running install_egg_info
[7.838s] removing '/home/etruck/etruck/ws/install/etruck/lib/python3.10/site-packages/subscriber-0.0.0-py3.10.egg-info' (and everything under it)
[7.845s] Copying ../../build/etruck/subscriber.egg-info to /home/etruck/etruck/ws/install/etruck/lib/python3.10/site-packages/subscriber-0.0.0-py3.10.egg-info
[7.948s] running install_scripts
[8.037s] Installing subscriber script to /home/etruck/etruck/ws/install/etruck/lib/subscriber
[8.169s] writing list of installed files to '/home/etruck/etruck/ws/build/etruck/install.log'
[8.464s] Invoked command in '/home/etruck/etruck/ws/src/subscriber' returned '0': PYTHONPATH=/home/etruck/etruck/ws/build/etruck/prefix_override:/usr/lib/python3/dist-packages/colcon_core/task/python/colcon_distutils_commands:/home/etruck/etruck/ws/install/etruck/lib/python3.10/site-packages:${PYTHONPATH} /usr/bin/python3 -W ignore:setup.py install is deprecated -W ignore:easy_install command is deprecated setup.py egg_info --egg-base ../../build/etruck build --build-base /home/etruck/etruck/ws/build/etruck/build install --record /home/etruck/etruck/ws/build/etruck/install.log --single-version-externally-managed install_data
