[5.755s] Invoking command in '/home/etruck/etruck/ws/src/dump_truck_controller': PYTHONPATH=/home/etruck/etruck/ws/build/dump_truck_controller/prefix_override:/usr/lib/python3/dist-packages/colcon_core/task/python/colcon_distutils_commands:/home/etruck/etruck/ws/install/dump_truck_controller/lib/python3.10/site-packages:${PYTHONPATH} /usr/bin/python3 -W ignore:setup.py install is deprecated -W ignore:easy_install command is deprecated setup.py egg_info --egg-base ../../build/dump_truck_controller build --build-base /home/etruck/etruck/ws/build/dump_truck_controller/build install --record /home/etruck/etruck/ws/build/dump_truck_controller/install.log --single-version-externally-managed install_data
[7.333s] running egg_info
[7.337s] writing ../../build/dump_truck_controller/dump_truck_controller.egg-info/PKG-INFO
[7.396s] writing dependency_links to ../../build/dump_truck_controller/dump_truck_controller.egg-info/dependency_links.txt
[7.398s] writing entry points to ../../build/dump_truck_controller/dump_truck_controller.egg-info/entry_points.txt
[7.399s] writing requirements to ../../build/dump_truck_controller/dump_truck_controller.egg-info/requires.txt
[7.424s] writing top-level names to ../../build/dump_truck_controller/dump_truck_controller.egg-info/top_level.txt
[7.439s] reading manifest file '../../build/dump_truck_controller/dump_truck_controller.egg-info/SOURCES.txt'
[7.457s] writing manifest file '../../build/dump_truck_controller/dump_truck_controller.egg-info/SOURCES.txt'
[7.508s] running build
[7.508s] running build_py
[7.754s] copying dump_truck_controller/controller.py -> /home/etruck/etruck/ws/build/dump_truck_controller/build/lib/dump_truck_controller
[7.888s] running install
[7.890s] running install_lib
[7.895s] copying /home/etruck/etruck/ws/build/dump_truck_controller/build/lib/dump_truck_controller/controller.py -> /home/etruck/etruck/ws/install/dump_truck_controller/lib/python3.10/site-packages/dump_truck_controller
[8.000s] byte-compiling /home/etruck/etruck/ws/install/dump_truck_controller/lib/python3.10/site-packages/dump_truck_controller/controller.py to controller.cpython-310.pyc
[8.122s] running install_data
[8.197s] running install_egg_info
[8.208s] removing '/home/etruck/etruck/ws/install/dump_truck_controller/lib/python3.10/site-packages/dump_truck_controller-0.0.0-py3.10.egg-info' (and everything under it)
[8.211s] Copying ../../build/dump_truck_controller/dump_truck_controller.egg-info to /home/etruck/etruck/ws/install/dump_truck_controller/lib/python3.10/site-packages/dump_truck_controller-0.0.0-py3.10.egg-info
[8.242s] running install_scripts
[8.405s] Installing controller script to /home/etruck/etruck/ws/install/dump_truck_controller/lib/dump_truck_controller
[8.415s] writing list of installed files to '/home/etruck/etruck/ws/build/dump_truck_controller/install.log'
[8.663s] Invoked command in '/home/etruck/etruck/ws/src/dump_truck_controller' returned '0': PYTHONPATH=/home/etruck/etruck/ws/build/dump_truck_controller/prefix_override:/usr/lib/python3/dist-packages/colcon_core/task/python/colcon_distutils_commands:/home/etruck/etruck/ws/install/dump_truck_controller/lib/python3.10/site-packages:${PYTHONPATH} /usr/bin/python3 -W ignore:setup.py install is deprecated -W ignore:easy_install command is deprecated setup.py egg_info --egg-base ../../build/dump_truck_controller build --build-base /home/etruck/etruck/ws/build/dump_truck_controller/build install --record /home/etruck/etruck/ws/build/dump_truck_controller/install.log --single-version-externally-managed install_data
